2021-02-10 11:48:28.515  INFO 8824 --- [main] c.e.s.SpringmvcbootApplicationTests      : Starting SpringmvcbootApplicationTests using Java 1.8.0_45 on DESKTOP-DL2IOOE with PID 8824 (started by ebubekir in E:\work\SpringBootCourseOfNavin\springmvcboot)
2021-02-10 11:48:28.543  INFO 8824 --- [main] c.e.s.SpringmvcbootApplicationTests      : No active profile set, falling back to default profiles: default
2021-02-10 11:48:30.109  INFO 8824 --- [main] .s.d.r.c.RepositoryConfigurationDelegate : Bootstrapping Spring Data JPA repositories in DEFAULT mode.
2021-02-10 11:48:30.253  INFO 8824 --- [main] .s.d.r.c.RepositoryConfigurationDelegate : Finished Spring Data repository scanning in 110 ms. Found 1 JPA repository interfaces.
2021-02-10 11:48:31.888  INFO 8824 --- [main] com.zaxxer.hikari.HikariDataSource       : HikariPool-1 - Starting...
2021-02-10 11:48:33.063  INFO 8824 --- [main] com.zaxxer.hikari.HikariDataSource       : HikariPool-1 - Start completed.
2021-02-10 11:48:33.282  INFO 8824 --- [main] o.hibernate.jpa.internal.util.LogHelper  : HHH000204: Processing PersistenceUnitInfo [name: default]
2021-02-10 11:48:33.516  INFO 8824 --- [main] org.hibernate.Version                    : HHH000412: Hibernate ORM core version 5.4.25.Final
2021-02-10 11:48:33.860  INFO 8824 --- [main] o.hibernate.annotations.common.Version   : HCANN000001: Hibernate Commons Annotations {5.1.2.Final}
2021-02-10 11:48:34.204  INFO 8824 --- [main] org.hibernate.dialect.Dialect            : HHH000400: Using dialect: org.hibernate.dialect.MySQL5Dialect
2021-02-10 11:48:35.581  INFO 8824 --- [main] o.h.e.t.j.p.i.JtaPlatformInitiator       : HHH000490: Using JtaPlatform implementation: [org.hibernate.engine.transaction.jta.platform.internal.NoJtaPlatform]
2021-02-10 11:48:35.597  INFO 8824 --- [main] j.LocalContainerEntityManagerFactoryBean : Initialized JPA EntityManagerFactory for persistence unit 'default'
2021-02-10 11:48:37.465  WARN 8824 --- [main] JpaBaseConfiguration$JpaWebConfiguration : spring.jpa.open-in-view is enabled by default. Therefore, database queries may be performed during view rendering. Explicitly configure spring.jpa.open-in-view to disable this warning
2021-02-10 11:48:38.417  INFO 8824 --- [main] o.s.s.concurrent.ThreadPoolTaskExecutor  : Initializing ExecutorService 'applicationTaskExecutor'
2021-02-10 11:48:38.718  INFO 8824 --- [main] o.s.b.a.w.s.WelcomePageHandlerMapping    : Adding welcome page template: index
2021-02-10 11:48:39.448  INFO 8824 --- [main] c.e.s.SpringmvcbootApplicationTests      : Started SpringmvcbootApplicationTests in 11.636 seconds (JVM running for 13.613)
2021-02-10 11:48:39.977  INFO 8824 --- [main] c.ebubekir.springmvcboot.LoggingAspect   : getAliens method called from aspect
2021-02-10 11:48:40.047  INFO 8824 --- [main] c.ebubekir.springmvcboot.LoggingAspect   : getAliens method executed
2021-02-10 11:48:40.261  INFO 8824 --- [SpringContextShutdownHook] o.s.s.concurrent.ThreadPoolTaskExecutor  : Shutting down ExecutorService 'applicationTaskExecutor'
2021-02-10 11:48:40.261  INFO 8824 --- [SpringContextShutdownHook] j.LocalContainerEntityManagerFactoryBean : Closing JPA EntityManagerFactory for persistence unit 'default'
2021-02-10 11:48:40.261  INFO 8824 --- [SpringContextShutdownHook] com.zaxxer.hikari.HikariDataSource       : HikariPool-1 - Shutdown initiated...
2021-02-10 11:48:40.277  INFO 8824 --- [SpringContextShutdownHook] com.zaxxer.hikari.HikariDataSource       : HikariPool-1 - Shutdown completed.
2021-02-10 11:50:39.418  INFO 8452 --- [main] c.e.s.SpringmvcbootApplication           : Starting SpringmvcbootApplication using Java 1.8.0_45 on DESKTOP-DL2IOOE with PID 8452 (E:\work\SpringBootCourseOfNavin\springmvcboot\target\classes started by ebubekir in E:\work\SpringBootCourseOfNavin\springmvcboot)
2021-02-10 11:50:39.418  INFO 8452 --- [main] c.e.s.SpringmvcbootApplication           : No active profile set, falling back to default profiles: default
2021-02-10 11:50:41.311  INFO 8452 --- [main] .s.d.r.c.RepositoryConfigurationDelegate : Bootstrapping Spring Data JPA repositories in DEFAULT mode.
2021-02-10 11:50:41.436  INFO 8452 --- [main] .s.d.r.c.RepositoryConfigurationDelegate : Finished Spring Data repository scanning in 102 ms. Found 1 JPA repository interfaces.
2021-02-10 11:50:43.109  INFO 8452 --- [main] o.s.b.w.embedded.tomcat.TomcatWebServer  : Tomcat initialized with port(s): 8080 (http)
2021-02-10 11:50:43.126  INFO 8452 --- [main] o.apache.catalina.core.StandardService   : Starting service [Tomcat]
2021-02-10 11:50:43.126  INFO 8452 --- [main] org.apache.catalina.core.StandardEngine  : Starting Servlet engine: [Apache Tomcat/9.0.41]
2021-02-10 11:50:43.782  INFO 8452 --- [main] org.apache.jasper.servlet.TldScanner     : At least one JAR was scanned for TLDs yet contained no TLDs. Enable debug logging for this logger for a complete list of JARs that were scanned but no TLDs were found in them. Skipping unneeded JARs during scanning can improve startup time and JSP compilation time.
2021-02-10 11:50:43.782  INFO 8452 --- [main] o.a.c.c.C.[Tomcat].[localhost].[/]       : Initializing Spring embedded WebApplicationContext
2021-02-10 11:50:43.782  INFO 8452 --- [main] w.s.c.ServletWebServerApplicationContext : Root WebApplicationContext: initialization completed in 4207 ms
2021-02-10 11:50:44.300  INFO 8452 --- [main] com.zaxxer.hikari.HikariDataSource       : HikariPool-1 - Starting...
2021-02-10 11:50:45.024  INFO 8452 --- [main] com.zaxxer.hikari.HikariDataSource       : HikariPool-1 - Start completed.
2021-02-10 11:50:45.117  INFO 8452 --- [main] o.hibernate.jpa.internal.util.LogHelper  : HHH000204: Processing PersistenceUnitInfo [name: default]
2021-02-10 11:50:45.352  INFO 8452 --- [main] org.hibernate.Version                    : HHH000412: Hibernate ORM core version 5.4.25.Final
2021-02-10 11:50:45.711  INFO 8452 --- [main] o.hibernate.annotations.common.Version   : HCANN000001: Hibernate Commons Annotations {5.1.2.Final}
2021-02-10 11:50:45.961  INFO 8452 --- [main] org.hibernate.dialect.Dialect            : HHH000400: Using dialect: org.hibernate.dialect.MySQL5Dialect
2021-02-10 11:50:46.963  INFO 8452 --- [main] o.h.e.t.j.p.i.JtaPlatformInitiator       : HHH000490: Using JtaPlatform implementation: [org.hibernate.engine.transaction.jta.platform.internal.NoJtaPlatform]
2021-02-10 11:50:46.995  INFO 8452 --- [main] j.LocalContainerEntityManagerFactoryBean : Initialized JPA EntityManagerFactory for persistence unit 'default'
2021-02-10 11:50:48.508  WARN 8452 --- [main] JpaBaseConfiguration$JpaWebConfiguration : spring.jpa.open-in-view is enabled by default. Therefore, database queries may be performed during view rendering. Explicitly configure spring.jpa.open-in-view to disable this warning
2021-02-10 11:50:48.791  INFO 8452 --- [main] o.s.s.concurrent.ThreadPoolTaskExecutor  : Initializing ExecutorService 'applicationTaskExecutor'
2021-02-10 11:50:49.027  INFO 8452 --- [main] o.s.b.a.w.s.WelcomePageHandlerMapping    : Adding welcome page template: index
2021-02-10 11:50:49.336  INFO 8452 --- [main] o.s.b.w.embedded.tomcat.TomcatWebServer  : Tomcat started on port(s): 8080 (http) with context path ''
2021-02-10 11:50:49.361  INFO 8452 --- [main] c.e.s.SpringmvcbootApplication           : Started SpringmvcbootApplication in 11.063 seconds (JVM running for 12.6)
2021-02-10 11:51:07.008  INFO 8452 --- [http-nio-8080-exec-1] o.a.c.c.C.[Tomcat].[localhost].[/]       : Initializing Spring DispatcherServlet 'dispatcherServlet'
2021-02-10 11:51:07.008  INFO 8452 --- [http-nio-8080-exec-1] o.s.web.servlet.DispatcherServlet        : Initializing Servlet 'dispatcherServlet'
2021-02-10 11:51:07.008  INFO 8452 --- [http-nio-8080-exec-1] o.s.web.servlet.DispatcherServlet        : Completed initialization in 0 ms
